#
# There is insufficient memory for the Java Runtime Environment to continue.
# Native memory allocation (malloc) failed to allocate 539984 bytes for Chunk::new
# Possible reasons:
#   The system is out of physical RAM or swap space
#   The process is running with CompressedOops enabled, and the Java Heap may be blocking the growth of the native heap
# Possible solutions:
#   Reduce memory load on the system
#   Increase physical memory or swap space
#   Check if swap backing store is full
#   Decrease Java heap size (-Xmx/-Xms)
#   Decrease number of Java threads
#   Decrease Java thread stack sizes (-Xss)
#   Set larger code cache with -XX:ReservedCodeCacheSize=
#   JVM is running with Zero Based Compressed Oops mode in which the Java heap is
#     placed in the first 32GB address space. The Java Heap base address is the
#     maximum limit for the native heap growth. Please use -XX:HeapBaseMinAddress
#     to set the Java Heap base and to place the Java Heap above 32GB virtual address.
# This output file may be truncated or incomplete.
#
#  Out of Memory Error (arena.cpp:184), pid=18920, tid=17004
#
# JRE version: Java(TM) SE Runtime Environment (19.0+36) (build 19+36-2238)
# Java VM: Java HotSpot(TM) 64-Bit Server VM (19+36-2238, mixed mode, sharing, tiered, compressed oops, compressed class ptrs, g1 gc, windows-amd64)
# No core dump will be written. Minidumps are not enabled by default on client versions of Windows
#

---------------  S U M M A R Y ------------

Command Line: -javaagent:N:\intelij\IntelliJ IDEA Community Edition 2022.2.4\lib\idea_rt.jar=58021:N:\intelij\IntelliJ IDEA Community Edition 2022.2.4\bin -Dfile.encoding=UTF-8 -Dsun.stdout.encoding=UTF-8 -Dsun.stderr.encoding=UTF-8 --module-path=D:\java projects\demo5\target\classes;C:\Users\Nithesh\.m2\repository\org\openjfx\javafx-fxml\19-ea+7\javafx-fxml-19-ea+7-win.jar;C:\Users\Nithesh\.m2\repository\org\openjfx\javafx-graphics\19-ea+7\javafx-graphics-19-ea+7-win.jar;C:\Users\Nithesh\.m2\repository\org\openjfx\javafx-controls\19-ea+7\javafx-controls-19-ea+7-win.jar;C:\Users\Nithesh\.m2\repository\org\openjfx\javafx-base\19-ea+7\javafx-base-19-ea+7-win.jar -Djdk.module.main=com.example.demo5 com.example.demo5/com.example.demo5.HelloApplication

Host: 11th Gen Intel(R) Core(TM) i5-1135G7 @ 2.40GHz, 8 cores, 15G,  Windows 11 , 64 bit Build 22000 (10.0.22000.1219)
Time: Mon Dec  5 22:18:37 2022 India Standard Time elapsed time: 0.444651 seconds (0d 0h 0m 0s)

---------------  T H R E A D  ---------------

Current thread (0x0000016558f16b10):  JavaThread "C2 CompilerThread1" daemon [_thread_in_native, id=17004, stack(0x000000030c700000,0x000000030c800000)]


Current CompileTask:
C2:    444  894       4       java.util.HashSet::add (20 bytes)

Stack: [0x000000030c700000,0x000000030c800000]
Native frames: (J=compiled Java code, j=interpreted, Vv=VM code, C=native code)
V  [jvm.dll+0x6ee8fa]
V  [jvm.dll+0x857a1e]
V  [jvm.dll+0x85940e]
V  [jvm.dll+0x859ac3]
V  [jvm.dll+0x28291f]
V  [jvm.dll+0xc9b5f]
V  [jvm.dll+0xc9ee5]
V  [jvm.dll+0x3bcbac]
V  [jvm.dll+0x386201]
V  [jvm.dll+0x38567a]
V  [jvm.dll+0x24c2c9]
V  [jvm.dll+0x24b671]
V  [jvm.dll+0x1d6d61]
V  [jvm.dll+0x25b0fa]
V  [jvm.dll+0x259588]
V  [jvm.dll+0x807928]
V  [jvm.dll+0x8015fa]
V  [jvm.dll+0x6ed5eb]
C  [ucrtbase.dll+0x26c0c]
C  [KERNEL32.DLL+0x15550]
C  [ntdll.dll+0x485b]


---------------  P R O C E S S  ---------------

Threads class SMR info:
_java_thread_list=0x00000165597d7a70, length=20, elements={
0x00000165318b9990, 0x00000165545791b0, 0x0000016554579dd0, 0x000001655457eb70,
0x000001655457f590, 0x000001655457ffb0, 0x00000165545809d0, 0x0000016554583730,
0x000001655458de00, 0x000001655458e380, 0x0000016558e26510, 0x0000016558f16b10,
0x0000016558f68910, 0x0000016558f67c30, 0x0000016558f68170, 0x00000165598fbd90,
0x000001655977cff0, 0x0000016559780570, 0x00000165597d5930, 0x00000165597d6eb0
}

Java Threads: ( => current thread )
  0x00000165318b9990 JavaThread "main" [_thread_blocked, id=17308, stack(0x000000030b600000,0x000000030b700000)]
  0x00000165545791b0 JavaThread "Reference Handler" daemon [_thread_blocked, id=20828, stack(0x000000030bd00000,0x000000030be00000)]
  0x0000016554579dd0 JavaThread "Finalizer" daemon [_thread_blocked, id=7040, stack(0x000000030be00000,0x000000030bf00000)]
  0x000001655457eb70 JavaThread "Signal Dispatcher" daemon [_thread_blocked, id=16004, stack(0x000000030bf00000,0x000000030c000000)]
  0x000001655457f590 JavaThread "Attach Listener" daemon [_thread_blocked, id=7556, stack(0x000000030c000000,0x000000030c100000)]
  0x000001655457ffb0 JavaThread "Service Thread" daemon [_thread_blocked, id=20028, stack(0x000000030c100000,0x000000030c200000)]
  0x00000165545809d0 JavaThread "Monitor Deflation Thread" daemon [_thread_blocked, id=20524, stack(0x000000030c200000,0x000000030c300000)]
  0x0000016554583730 JavaThread "C2 CompilerThread0" daemon [_thread_blocked, id=15156, stack(0x000000030c300000,0x000000030c400000)]
  0x000001655458de00 JavaThread "C1 CompilerThread0" daemon [_thread_blocked, id=8824, stack(0x000000030c400000,0x000000030c500000)]
  0x000001655458e380 JavaThread "Sweeper thread" daemon [_thread_blocked, id=5192, stack(0x000000030c500000,0x000000030c600000)]
  0x0000016558e26510 JavaThread "Common-Cleaner" daemon [_thread_blocked, id=14500, stack(0x000000030c600000,0x000000030c700000)]
=>0x0000016558f16b10 JavaThread "C2 CompilerThread1" daemon [_thread_in_native, id=17004, stack(0x000000030c700000,0x000000030c800000)]
  0x0000016558f68910 JavaThread "C2 CompilerThread2" daemon [_thread_blocked, id=448, stack(0x000000030c800000,0x000000030c900000)]
  0x0000016558f67c30 JavaThread "Monitor Ctrl-Break" daemon [_thread_in_native, id=15980, stack(0x000000030c900000,0x000000030ca00000)]
  0x0000016558f68170 JavaThread "Notification Thread" daemon [_thread_blocked, id=2360, stack(0x000000030ca00000,0x000000030cb00000)]
  0x00000165598fbd90 JavaThread "QuantumRenderer-0" daemon [_thread_blocked, id=12572, stack(0x000000030cc00000,0x000000030cd00000)]
  0x000001655977cff0 JavaThread "InvokeLaterDispatcher" daemon [_thread_blocked, id=17688, stack(0x000000030cd00000,0x000000030ce00000)]
  0x0000016559780570 JavaThread "JavaFX Application Thread" [_thread_in_vm, id=3336, stack(0x000000030ce00000,0x000000030cf00000)]
  0x00000165597d5930 JavaThread "Thread-1" daemon [_thread_in_native, id=5520, stack(0x000000030cf00000,0x000000030d000000)]
  0x00000165597d6eb0 JavaThread "JavaFX-Launcher" [_thread_blocked, id=17908, stack(0x000000030d000000,0x000000030d100000)]

Other Threads:
  0x00000165545620a0 VMThread "VM Thread" [stack: 0x000000030bc00000,0x000000030bd00000] [id=15348]
  0x00000165590fe0d0 WatcherThread "VM Periodic Task Thread" [stack: 0x000000030cb00000,0x000000030cc00000] [id=17052]
  0x000001653192ae00 WorkerThread "GC Thread#0" [stack: 0x000000030b700000,0x000000030b800000] [id=7008]
  0x000001653193bcf0 ConcurrentGCThread "G1 Main Marker" [stack: 0x000000030b800000,0x000000030b900000] [id=1376]
  0x000001653193c720 WorkerThread "G1 Conc#0" [stack: 0x000000030b900000,0x000000030ba00000] [id=13496]
  0x000001653196e9e0 ConcurrentGCThread "G1 Refine#0" [stack: 0x000000030ba00000,0x000000030bb00000] [id=14092]
  0x0000016554418460 ConcurrentGCThread "G1 Service" [stack: 0x000000030bb00000,0x000000030bc00000] [id=19212]

Threads with active compile tasks:
C2 CompilerThread1      456  894       4       java.util.HashSet::add (20 bytes)

VM state: not at safepoint (normal execution)

VM Mutex/Monitor currently owned by a thread:  ([mutex/lock_event])
[0x000001652f672a20] Metaspace_lock - owner thread: 0x0000016559780570

Heap address: 0x0000000703600000, size: 4042 MB, Compressed Oops mode: Zero based, Oop shift amount: 3

CDS archive(s) mapped at: [0x0000000800000000-0x0000000800c40000-0x0000000800c40000), size 12845056, SharedBaseAddress: 0x0000000800000000, ArchiveRelocationMode: 0.
Compressed class space mapped at: 0x0000000801000000-0x0000000841000000, reserved size: 1073741824
Narrow klass base: 0x0000000800000000, Narrow klass shift: 0, Narrow klass range: 0x100000000

GC Precious Log:
 CardTable entry size: 512
 Card Set container configuration: InlinePtr #cards 4 size 8 Array Of Cards #cards 8 size 32 Howl #buckets 8 coarsen threshold 3686 Howl Bitmap #cards 512 size 80 coarsen threshold 460 Card regions per heap region 1 cards per card region 4096
 CPUs: 8 total, 8 available
 Memory: 16167M
 Large Page Support: Disabled
 NUMA Support: Disabled
 Compressed Oops: Enabled (Zero based)
 Heap Region Size: 2M
 Heap Min Capacity: 8M
 Heap Initial Capacity: 254M
 Heap Max Capacity: 4042M
 Pre-touch: Disabled
 Parallel Workers: 8
 Concurrent Workers: 2
 Concurrent Refinement Workers: 8
 Periodic GC: Disabled

Heap:
 garbage-first heap   total 260096K, used 16384K [0x0000000703600000, 0x0000000800000000)
  region size 2048K, 10 young (20480K), 0 survivors (0K)
 Metaspace       used 4704K, committed 4864K, reserved 1114112K
  class space    used 541K, committed 640K, reserved 1048576K

Heap Regions: E=young(eden), S=young(survivor), O=old, HS=humongous(starts), HC=humongous(continues), CS=collection set, F=free, OA=open archive, CA=closed archive, TAMS=top-at-mark-start (previous, next)
|   0|0x0000000703600000, 0x0000000703600000, 0x0000000703800000|  0%| F|  |TAMS 0x0000000703600000, 0x0000000703600000| Untracked 
|   1|0x0000000703800000, 0x0000000703800000, 0x0000000703a00000|  0%| F|  |TAMS 0x0000000703800000, 0x0000000703800000| Untracked 
|   2|0x0000000703a00000, 0x0000000703a00000, 0x0000000703c00000|  0%| F|  |TAMS 0x0000000703a00000, 0x0000000703a00000| Untracked 
|   3|0x0000000703c00000, 0x0000000703c00000, 0x0000000703e00000|  0%| F|  |TAMS 0x0000000703c00000, 0x0000000703c00000| Untracked 
|   4|0x0000000703e00000, 0x0000000703e00000, 0x0000000704000000|  0%| F|  |TAMS 0x0000000703e00000, 0x0000000703e00000| Untracked 
|   5|0x0000000704000000, 0x0000000704000000, 0x0000000704200000|  0%| F|  |TAMS 0x0000000704000000, 0x0000000704000000| Untracked 
|   6|0x0000000704200000, 0x0000000704200000, 0x0000000704400000|  0%| F|  |TAMS 0x0000000704200000, 0x0000000704200000| Untracked 
|   7|0x0000000704400000, 0x0000000704400000, 0x0000000704600000|  0%| F|  |TAMS 0x0000000704400000, 0x0000000704400000| Untracked 
|   8|0x0000000704600000, 0x0000000704600000, 0x0000000704800000|  0%| F|  |TAMS 0x0000000704600000, 0x0000000704600000| Untracked 
|   9|0x0000000704800000, 0x0000000704800000, 0x0000000704a00000|  0%| F|  |TAMS 0x0000000704800000, 0x0000000704800000| Untracked 
|  10|0x0000000704a00000, 0x0000000704a00000, 0x0000000704c00000|  0%| F|  |TAMS 0x0000000704a00000, 0x0000000704a00000| Untracked 
|  11|0x0000000704c00000, 0x0000000704c00000, 0x0000000704e00000|  0%| F|  |TAMS 0x0000000704c00000, 0x0000000704c00000| Untracked 
|  12|0x0000000704e00000, 0x0000000704e00000, 0x0000000705000000|  0%| F|  |TAMS 0x0000000704e00000, 0x0000000704e00000| Untracked 
|  13|0x0000000705000000, 0x0000000705000000, 0x0000000705200000|  0%| F|  |TAMS 0x0000000705000000, 0x0000000705000000| Untracked 
|  14|0x0000000705200000, 0x0000000705200000, 0x0000000705400000|  0%| F|  |TAMS 0x0000000705200000, 0x0000000705200000| Untracked 
|  15|0x0000000705400000, 0x0000000705400000, 0x0000000705600000|  0%| F|  |TAMS 0x0000000705400000, 0x0000000705400000| Untracked 
|  16|0x0000000705600000, 0x0000000705600000, 0x0000000705800000|  0%| F|  |TAMS 0x0000000705600000, 0x0000000705600000| Untracked 
|  17|0x0000000705800000, 0x0000000705800000, 0x0000000705a00000|  0%| F|  |TAMS 0x0000000705800000, 0x0000000705800000| Untracked 
|  18|0x0000000705a00000, 0x0000000705a00000, 0x0000000705c00000|  0%| F|  |TAMS 0x0000000705a00000, 0x0000000705a00000| Untracked 
|  19|0x0000000705c00000, 0x0000000705c00000, 0x0000000705e00000|  0%| F|  |TAMS 0x0000000705c00000, 0x0000000705c00000| Untracked 
|  20|0x0000000705e00000, 0x0000000705e00000, 0x0000000706000000|  0%| F|  |TAMS 0x0000000705e00000, 0x0000000705e00000| Untracked 
|  21|0x0000000706000000, 0x0000000706000000, 0x0000000706200000|  0%| F|  |TAMS 0x0000000706000000, 0x0000000706000000| Untracked 
|  22|0x0000000706200000, 0x0000000706200000, 0x0000000706400000|  0%| F|  |TAMS 0x0000000706200000, 0x0000000706200000| Untracked 
|  23|0x0000000706400000, 0x0000000706400000, 0x0000000706600000|  0%| F|  |TAMS 0x0000000706400000, 0x0000000706400000| Untracked 
|  24|0x0000000706600000, 0x0000000706600000, 0x0000000706800000|  0%| F|  |TAMS 0x0000000706600000, 0x0000000706600000| Untracked 
|  25|0x0000000706800000, 0x0000000706800000, 0x0000000706a00000|  0%| F|  |TAMS 0x0000000706800000, 0x0000000706800000| Untracked 
|  26|0x0000000706a00000, 0x0000000706a00000, 0x0000000706c00000|  0%| F|  |TAMS 0x0000000706a00000, 0x0000000706a00000| Untracked 
|  27|0x0000000706c00000, 0x0000000706c00000, 0x0000000706e00000|  0%| F|  |TAMS 0x0000000706c00000, 0x0000000706c00000| Untracked 
|  28|0x0000000706e00000, 0x0000000706e00000, 0x0000000707000000|  0%| F|  |TAMS 0x0000000706e00000, 0x0000000706e00000| Untracked 
|  29|0x0000000707000000, 0x0000000707000000, 0x0000000707200000|  0%| F|  |TAMS 0x0000000707000000, 0x0000000707000000| Untracked 
|  30|0x0000000707200000, 0x0000000707200000, 0x0000000707400000|  0%| F|  |TAMS 0x0000000707200000, 0x0000000707200000| Untracked 
|  31|0x0000000707400000, 0x0000000707400000, 0x0000000707600000|  0%| F|  |TAMS 0x0000000707400000, 0x0000000707400000| Untracked 
|  32|0x0000000707600000, 0x0000000707600000, 0x0000000707800000|  0%| F|  |TAMS 0x0000000707600000, 0x0000000707600000| Untracked 
|  33|0x0000000707800000, 0x0000000707800000, 0x0000000707a00000|  0%| F|  |TAMS 0x0000000707800000, 0x0000000707800000| Untracked 
|  34|0x0000000707a00000, 0x0000000707a00000, 0x0000000707c00000|  0%| F|  |TAMS 0x0000000707a00000, 0x0000000707a00000| Untracked 
|  35|0x0000000707c00000, 0x0000000707c00000, 0x0000000707e00000|  0%| F|  |TAMS 0x0000000707c00000, 0x0000000707c00000| Untracked 
|  36|0x0000000707e00000, 0x0000000707e00000, 0x0000000708000000|  0%| F|  |TAMS 0x0000000707e00000, 0x0000000707e00000| Untracked 
|  37|0x0000000708000000, 0x0000000708000000, 0x0000000708200000|  0%| F|  |TAMS 0x0000000708000000, 0x0000000708000000| Untracked 
|  38|0x0000000708200000, 0x0000000708200000, 0x0000000708400000|  0%| F|  |TAMS 0x0000000708200000, 0x0000000708200000| Untracked 
|  39|0x0000000708400000, 0x0000000708400000, 0x0000000708600000|  0%| F|  |TAMS 0x0000000708400000, 0x0000000708400000| Untracked 
|  40|0x0000000708600000, 0x0000000708600000, 0x0000000708800000|  0%| F|  |TAMS 0x0000000708600000, 0x0000000708600000| Untracked 
|  41|0x0000000708800000, 0x0000000708800000, 0x0000000708a00000|  0%| F|  |TAMS 0x0000000708800000, 0x0000000708800000| Untracked 
|  42|0x0000000708a00000, 0x0000000708a00000, 0x0000000708c00000|  0%| F|  |TAMS 0x0000000708a00000, 0x0000000708a00000| Untracked 
|  43|0x0000000708c00000, 0x0000000708c00000, 0x0000000708e00000|  0%| F|  |TAMS 0x0000000708c00000, 0x0000000708c00000| Untracked 
|  44|0x0000000708e00000, 0x0000000708e00000, 0x0000000709000000|  0%| F|  |TAMS 0x0000000708e00000, 0x0000000708e00000| Untracked 
|  45|0x0000000709000000, 0x0000000709000000, 0x0000000709200000|  0%| F|  |TAMS 0x0000000709000000, 0x0000000709000000| Untracked 
|  46|0x0000000709200000, 0x0000000709200000, 0x0000000709400000|  0%| F|  |TAMS 0x0000000709200000, 0x0000000709200000| Untracked 
|  47|0x0000000709400000, 0x0000000709400000, 0x0000000709600000|  0%| F|  |TAMS 0x0000000709400000, 0x0000000709400000| Untracked 
|  48|0x0000000709600000, 0x0000000709600000, 0x0000000709800000|  0%| F|  |TAMS 0x0000000709600000, 0x0000000709600000| Untracked 
|  49|0x0000000709800000, 0x0000000709800000, 0x0000000709a00000|  0%| F|  |TAMS 0x0000000709800000, 0x0000000709800000| Untracked 
|  50|0x0000000709a00000, 0x0000000709a00000, 0x0000000709c00000|  0%| F|  |TAMS 0x0000000709a00000, 0x0000000709a00000| Untracked 
|  51|0x0000000709c00000, 0x0000000709c00000, 0x0000000709e00000|  0%| F|  |TAMS 0x0000000709c00000, 0x0000000709c00000| Untracked 
|  52|0x0000000709e00000, 0x0000000709e00000, 0x000000070a000000|  0%| F|  |TAMS 0x0000000709e00000, 0x0000000709e00000| Untracked 
|  53|0x000000070a000000, 0x000000070a000000, 0x000000070a200000|  0%| F|  |TAMS 0x000000070a000000, 0x000000070a000000| Untracked 
|  54|0x000000070a200000, 0x000000070a200000, 0x000000070a400000|  0%| F|  |TAMS 0x000000070a200000, 0x000000070a200000| Untracked 
|  55|0x000000070a400000, 0x000000070a400000, 0x000000070a600000|  0%| F|  |TAMS 0x000000070a400000, 0x000000070a400000| Untracked 
|  56|0x000000070a600000, 0x000000070a600000, 0x000000070a800000|  0%| F|  |TAMS 0x000000070a600000, 0x000000070a600000| Untracked 
|  57|0x000000070a800000, 0x000000070a800000, 0x000000070aa00000|  0%| F|  |TAMS 0x000000070a800000, 0x000000070a800000| Untracked 
|  58|0x000000070aa00000, 0x000000070aa00000, 0x000000070ac00000|  0%| F|  |TAMS 0x000000070aa00000, 0x000000070aa00000| Untracked 
|  59|0x000000070ac00000, 0x000000070ac00000, 0x000000070ae00000|  0%| F|  |TAMS 0x000000070ac00000, 0x000000070ac00000| Untracked 
|  60|0x000000070ae00000, 0x000000070ae00000, 0x000000070b000000|  0%| F|  |TAMS 0x000000070ae00000, 0x000000070ae00000| Untracked 
|  61|0x000000070b000000, 0x000000070b000000, 0x000000070b200000|  0%| F|  |TAMS 0x000000070b000000, 0x000000070b000000| Untracked 
|  62|0x000000070b200000, 0x000000070b200000, 0x000000070b400000|  0%| F|  |TAMS 0x000000070b200000, 0x000000070b200000| Untracked 
|  63|0x000000070b400000, 0x000000070b400000, 0x000000070b600000|  0%| F|  |TAMS 0x000000070b400000, 0x000000070b400000| Untracked 
|  64|0x000000070b600000, 0x000000070b600000, 0x000000070b800000|  0%| F|  |TAMS 0x000000070b600000, 0x000000070b600000| Untracked 
|  65|0x000000070b800000, 0x000000070b800000, 0x000000070ba00000|  0%| F|  |TAMS 0x000000070b800000, 0x000000070b800000| Untracked 
|  66|0x000000070ba00000, 0x000000070ba00000, 0x000000070bc00000|  0%| F|  |TAMS 0x000000070ba00000, 0x000000070ba00000| Untracked 
|  67|0x000000070bc00000, 0x000000070bc00000, 0x000000070be00000|  0%| F|  |TAMS 0x000000070bc00000, 0x000000070bc00000| Untracked 
|  68|0x000000070be00000, 0x000000070be00000, 0x000000070c000000|  0%| F|  |TAMS 0x000000070be00000, 0x000000070be00000| Untracked 
|  69|0x000000070c000000, 0x000000070c000000, 0x000000070c200000|  0%| F|  |TAMS 0x000000070c000000, 0x000000070c000000| Untracked 
|  70|0x000000070c200000, 0x000000070c200000, 0x000000070c400000|  0%| F|  |TAMS 0x000000070c200000, 0x000000070c200000| Untracked 
|  71|0x000000070c400000, 0x000000070c400000, 0x000000070c600000|  0%| F|  |TAMS 0x000000070c400000, 0x000000070c400000| Untracked 
|  72|0x000000070c600000, 0x000000070c600000, 0x000000070c800000|  0%| F|  |TAMS 0x000000070c600000, 0x000000070c600000| Untracked 
|  73|0x000000070c800000, 0x000000070c800000, 0x000000070ca00000|  0%| F|  |TAMS 0x000000070c800000, 0x000000070c800000| Untracked 
|  74|0x000000070ca00000, 0x000000070ca00000, 0x000000070cc00000|  0%| F|  |TAMS 0x000000070ca00000, 0x000000070ca00000| Untracked 
|  75|0x000000070cc00000, 0x000000070cc00000, 0x000000070ce00000|  0%| F|  |TAMS 0x000000070cc00000, 0x000000070cc00000| Untracked 
|  76|0x000000070ce00000, 0x000000070ce00000, 0x000000070d000000|  0%| F|  |TAMS 0x000000070ce00000, 0x000000070ce00000| Untracked 
|  77|0x000000070d000000, 0x000000070d000000, 0x000000070d200000|  0%| F|  |TAMS 0x000000070d000000, 0x000000070d000000| Untracked 
|  78|0x000000070d200000, 0x000000070d200000, 0x000000070d400000|  0%| F|  |TAMS 0x000000070d200000, 0x000000070d200000| Untracked 
|  79|0x000000070d400000, 0x000000070d400000, 0x000000070d600000|  0%| F|  |TAMS 0x000000070d400000, 0x000000070d400000| Untracked 
|  80|0x000000070d600000, 0x000000070d600000, 0x000000070d800000|  0%| F|  |TAMS 0x000000070d600000, 0x000000070d600000| Untracked 
|  81|0x000000070d800000, 0x000000070d800000, 0x000000070da00000|  0%| F|  |TAMS 0x000000070d800000, 0x000000070d800000| Untracked 
|  82|0x000000070da00000, 0x000000070da00000, 0x000000070dc00000|  0%| F|  |TAMS 0x000000070da00000, 0x000000070da00000| Untracked 
|  83|0x000000070dc00000, 0x000000070dc00000, 0x000000070de00000|  0%| F|  |TAMS 0x000000070dc00000, 0x000000070dc00000| Untracked 
|  84|0x000000070de00000, 0x000000070de00000, 0x000000070e000000|  0%| F|  |TAMS 0x000000070de00000, 0x000000070de00000| Untracked 
|  85|0x000000070e000000, 0x000000070e000000, 0x000000070e200000|  0%| F|  |TAMS 0x000000070e000000, 0x000000070e000000| Untracked 
|  86|0x000000070e200000, 0x000000070e200000, 0x000000070e400000|  0%| F|  |TAMS 0x000000070e200000, 0x000000070e200000| Untracked 
|  87|0x000000070e400000, 0x000000070e400000, 0x000000070e600000|  0%| F|  |TAMS 0x000000070e400000, 0x000000070e400000| Untracked 
|  88|0x000000070e600000, 0x000000070e600000, 0x000000070e800000|  0%| F|  |TAMS 0x000000070e600000, 0x000000070e600000| Untracked 
|  89|0x000000070e800000, 0x000000070e800000, 0x000000070ea00000|  0%| F|  |TAMS 0x000000070e800000, 0x000000070e800000| Untracked 
|  90|0x000000070ea00000, 0x000000070ea00000, 0x000000070ec00000|  0%| F|  |TAMS 0x000000070ea00000, 0x000000070ea00000| Untracked 
|  91|0x000000070ec00000, 0x000000070ec00000, 0x000000070ee00000|  0%| F|  |TAMS 0x000000070ec00000, 0x000000070ec00000| Untracked 
|  92|0x000000070ee00000, 0x000000070ee00000, 0x000000070f000000|  0%| F|  |TAMS 0x000000070ee00000, 0x000000070ee00000| Untracked 
|  93|0x000000070f000000, 0x000000070f000000, 0x000000070f200000|  0%| F|  |TAMS 0x000000070f000000, 0x000000070f000000| Untracked 
|  94|0x000000070f200000, 0x000000070f200000, 0x000000070f400000|  0%| F|  |TAMS 0x000000070f200000, 0x000000070f200000| Untracked 
|  95|0x000000070f400000, 0x000000070f400000, 0x000000070f600000|  0%| F|  |TAMS 0x000000070f400000, 0x000000070f400000| Untracked 
|  96|0x000000070f600000, 0x000000070f600000, 0x000000070f800000|  0%| F|  |TAMS 0x000000070f600000, 0x000000070f600000| Untracked 
|  97|0x000000070f800000, 0x000000070f800000, 0x000000070fa00000|  0%| F|  |TAMS 0x000000070f800000, 0x000000070f800000| Untracked 
|  98|0x000000070fa00000, 0x000000070fa00000, 0x000000070fc00000|  0%| F|  |TAMS 0x000000070fa00000, 0x000000070fa00000| Untracked 
|  99|0x000000070fc00000, 0x000000070fc00000, 0x000000070fe00000|  0%| F|  |TAMS 0x000000070fc00000, 0x000000070fc00000| Untracked 
| 100|0x000000070fe00000, 0x000000070fe00000, 0x0000000710000000|  0%| F|  |TAMS 0x000000070fe00000, 0x000000070fe00000| Untracked 
| 101|0x0000000710000000, 0x0000000710000000, 0x0000000710200000|  0%| F|  |TAMS 0x0000000710000000, 0x0000000710000000| Untracked 
| 102|0x0000000710200000, 0x0000000710200000, 0x0000000710400000|  0%| F|  |TAMS 0x0000000710200000, 0x0000000710200000| Untracked 
| 103|0x0000000710400000, 0x0000000710400000, 0x0000000710600000|  0%| F|  |TAMS 0x0000000710400000, 0x0000000710400000| Untracked 
| 104|0x0000000710600000, 0x0000000710600000, 0x0000000710800000|  0%| F|  |TAMS 0x0000000710600000, 0x0000000710600000| Untracked 
| 105|0x0000000710800000, 0x0000000710800000, 0x0000000710a00000|  0%| F|  |TAMS 0x0000000710800000, 0x0000000710800000| Untracked 
| 106|0x0000000710a00000, 0x0000000710a00000, 0x0000000710c00000|  0%| F|  |TAMS 0x0000000710a00000, 0x0000000710a00000| Untracked 
| 107|0x0000000710c00000, 0x0000000710c00000, 0x0000000710e00000|  0%| F|  |TAMS 0x0000000710c00000, 0x0000000710c00000| Untracked 
| 108|0x0000000710e00000, 0x0000000710e00000, 0x0000000711000000|  0%| F|  |TAMS 0x0000000710e00000, 0x0000000710e00000| Untracked 
| 109|0x0000000711000000, 0x0000000711000000, 0x0000000711200000|  0%| F|  |TAMS 0x0000000711000000, 0x0000000711000000| Untracked 
| 110|0x0000000711200000, 0x0000000711200000, 0x0000000711400000|  0%| F|  |TAMS 0x0000000711200000, 0x0000000711200000| Untracked 
| 111|0x0000000711400000, 0x0000000711400000, 0x0000000711600000|  0%| F|  |TAMS 0x0000000711400000, 0x0000000711400000| Untracked 
| 112|0x0000000711600000, 0x0000000711600000, 0x0000000711800000|  0%| F|  |TAMS 0x0000000711600000, 0x0000000711600000| Untracked 
| 113|0x0000000711800000, 0x0000000711800000, 0x0000000711a00000|  0%| F|  |TAMS 0x0000000711800000, 0x0000000711800000| Untracked 
| 114|0x0000000711a00000, 0x0000000711a00000, 0x0000000711c00000|  0%| F|  |TAMS 0x0000000711a00000, 0x0000000711a00000| Untracked 
| 115|0x0000000711c00000, 0x0000000711c00000, 0x0000000711e00000|  0%| F|  |TAMS 0x0000000711c00000, 0x0000000711c00000| Untracked 
| 116|0x0000000711e00000, 0x0000000711e00000, 0x0000000712000000|  0%| F|  |TAMS 0x0000000711e00000, 0x0000000711e00000| Untracked 
| 117|0x0000000712000000, 0x00000007121c96e0, 0x0000000712200000| 89%| E|  |TAMS 0x0000000712000000, 0x0000000712000000| Complete 
| 118|0x0000000712200000, 0x0000000712400000, 0x0000000712400000|100%| E|CS|TAMS 0x0000000712200000, 0x0000000712200000| Complete 
| 119|0x0000000712400000, 0x0000000712600000, 0x0000000712600000|100%| E|CS|TAMS 0x0000000712400000, 0x0000000712400000| Complete 
| 120|0x0000000712600000, 0x0000000712800000, 0x0000000712800000|100%| E|CS|TAMS 0x0000000712600000, 0x0000000712600000| Complete 
| 121|0x0000000712800000, 0x0000000712a00000, 0x0000000712a00000|100%| E|CS|TAMS 0x0000000712800000, 0x0000000712800000| Complete 
| 122|0x0000000712a00000, 0x0000000712c00000, 0x0000000712c00000|100%| E|CS|TAMS 0x0000000712a00000, 0x0000000712a00000| Complete 
| 123|0x0000000712c00000, 0x0000000712e00000, 0x0000000712e00000|100%| E|  |TAMS 0x0000000712c00000, 0x0000000712c00000| Complete 
| 124|0x0000000712e00000, 0x0000000713000000, 0x0000000713000000|100%| E|CS|TAMS 0x0000000712e00000, 0x0000000712e00000| Complete 
| 125|0x0000000713000000, 0x0000000713200000, 0x0000000713200000|100%| E|CS|TAMS 0x0000000713000000, 0x0000000713000000| Complete 
| 126|0x0000000713200000, 0x0000000713400000, 0x0000000713400000|100%| E|CS|TAMS 0x0000000713200000, 0x0000000713200000| Complete 

Card table byte_map: [0x0000016549330000,0x0000016549b20000] _byte_map_base: 0x0000016545b15000

Marking Bits (Prev, Next): (CMBitMap*) 0x000001653192b430, (CMBitMap*) 0x000001653192b470
 Prev Bits: [0x000001654a310000, 0x000001654e238000)
 Next Bits: [0x000001654e240000, 0x0000016552168000)

Polling page: 0x000001652f830000

Metaspace:

Usage:
  Non-class:      4.07 MB used.
      Class:    541.20 KB used.
       Both:      4.59 MB used.

Virtual space:
  Non-class space:       64.00 MB reserved,       4.12 MB (  6%) committed,  1 nodes.
      Class space:        1.00 GB reserved,     640.00 KB ( <1%) committed,  1 nodes.
             Both:        1.06 GB reserved,       4.75 MB ( <1%) committed. 

Chunk freelists:
   Non-Class:  2.17 MB
       Class:  3.39 MB
        Both:  5.56 MB

MaxMetaspaceSize: unlimited
CompressedClassSpaceSize: 1.00 GB
Initial GC threshold: 21.00 MB
Current GC threshold: 21.00 MB
CDS: on
MetaspaceReclaimPolicy: balanced
 - commit_granule_bytes: 65536.
 - commit_granule_words: 8192.
 - virtual_space_node_default_size: 8388608.
 - enlarge_chunks_in_place: 1.
 - new_chunks_are_fully_committed: 0.
 - uncommit_free_chunks: 1.
 - use_allocation_guard: 0.


Internal statistics:

num_allocs_failed_limit: 0.
num_arena_births: 146.
num_arena_deaths: 0.
num_vsnodes_births: 2.
num_vsnodes_deaths: 0.
num_space_committed: 76.
num_space_uncommitted: 0.
num_chunks_returned_to_freelist: 0.
num_chunks_taken_from_freelist: 258.
num_chunk_merges: 0.
num_chunk_splits: 169.
num_chunks_enlarged: 112.
num_inconsistent_stats: 0.

CodeHeap 'non-profiled nmethods': size=120000Kb used=312Kb max_used=312Kb free=119687Kb
 bounds [0x00000165412d0000, 0x0000016541540000, 0x0000016548800000]
CodeHeap 'profiled nmethods': size=120000Kb used=1473Kb max_used=1473Kb free=118526Kb
 bounds [0x0000016539800000, 0x0000016539a70000, 0x0000016540d30000]
CodeHeap 'non-nmethods': size=5760Kb used=1277Kb max_used=1291Kb free=4482Kb
 bounds [0x0000016540d30000, 0x0000016540fa0000, 0x00000165412d0000]
 total_blobs=1409 nmethods=931 adapters=389
 compilation: enabled
              stopped_count=0, restarted_count=0
 full_count=0

Compilation events (20 events):
Event: 0.436 Thread 0x000001655458de00 nmethod 911 0x0000016539962090 code [0x0000016539962240, 0x0000016539962368]
Event: 0.438 Thread 0x000001655458de00  912       3       jdk.internal.loader.BuiltinClassLoader$LoadedModule::codeSourceURL (32 bytes)
Event: 0.438 Thread 0x000001655458de00 nmethod 912 0x0000016539962410 code [0x00000165399625e0, 0x0000016539962908]
Event: 0.438 Thread 0x000001655458de00  913       3       java.security.SecureClassLoader::defineClass (12 bytes)
Event: 0.438 Thread 0x000001655458de00 nmethod 913 0x0000016539962a90 code [0x0000016539962c40, 0x0000016539962dd8]
Event: 0.438 Thread 0x000001655458de00  914       3       java.lang.ClassLoader::defineClass (108 bytes)
Event: 0.439 Thread 0x000001655458de00 nmethod 914 0x0000016539962e90 code [0x0000016539963180, 0x00000165399641b8]
Event: 0.439 Thread 0x000001655458de00  916   !   3       java.lang.module.ModuleReader::read (75 bytes)
Event: 0.439 Thread 0x000001655458de00 nmethod 916 0x0000016539964790 code [0x0000016539964a40, 0x0000016539965758]
Event: 0.439 Thread 0x000001655458de00  915       3       java.lang.module.ModuleReader::release (6 bytes)
Event: 0.440 Thread 0x0000016558f68910 nmethod 898 0x000001654131cd10 code [0x000001654131cec0, 0x000001654131d578]
Event: 0.440 Thread 0x000001655458de00 nmethod 915 0x0000016539965c90 code [0x0000016539965e40, 0x00000165399660a8]
Event: 0.440 Thread 0x0000016558f68910  917       4       java.util.concurrent.ConcurrentHashMap::setTabAt (20 bytes)
Event: 0.441 Thread 0x000001655458de00  918       3       java.util.zip.ZipFile$ZipFileInputStream::<init> (96 bytes)
Event: 0.442 Thread 0x000001655458de00 nmethod 918 0x0000016539966190 code [0x00000165399663e0, 0x0000016539966e48]
Event: 0.442 Thread 0x000001655458de00  919       3       java.util.zip.ZipUtils::CENOFF (9 bytes)
Event: 0.442 Thread 0x0000016558f68910 nmethod 917 0x000001654131d910 code [0x000001654131da80, 0x000001654131db98]
Event: 0.442 Thread 0x000001655458de00 nmethod 919 0x0000016539967290 code [0x0000016539967440, 0x0000016539967718]
Event: 0.442 Thread 0x000001655458de00  920       3       java.util.zip.ZipFile$ZipFileInflaterInputStream::<init> (14 bytes)
Event: 0.442 Thread 0x000001655458de00 nmethod 920 0x0000016539967890 code [0x0000016539967a40, 0x0000016539967bd8]

GC Heap History (0 events):
No events

Dll operation events (20 events):
Event: 0.272 Loaded shared library C:\Users\Nithesh\.openjfx\cache\19-ea+7\amd64\api-ms-win-crt-convert-l1-1-0.dll
Event: 0.274 Loaded shared library C:\Users\Nithesh\.openjfx\cache\19-ea+7\amd64\api-ms-win-crt-environment-l1-1-0.dll
Event: 0.275 Loaded shared library C:\Users\Nithesh\.openjfx\cache\19-ea+7\amd64\api-ms-win-crt-filesystem-l1-1-0.dll
Event: 0.277 Loaded shared library C:\Users\Nithesh\.openjfx\cache\19-ea+7\amd64\api-ms-win-crt-heap-l1-1-0.dll
Event: 0.279 Loaded shared library C:\Users\Nithesh\.openjfx\cache\19-ea+7\amd64\api-ms-win-crt-locale-l1-1-0.dll
Event: 0.281 Loaded shared library C:\Users\Nithesh\.openjfx\cache\19-ea+7\amd64\api-ms-win-crt-math-l1-1-0.dll
Event: 0.283 Loaded shared library C:\Users\Nithesh\.openjfx\cache\19-ea+7\amd64\api-ms-win-crt-multibyte-l1-1-0.dll
Event: 0.285 Loaded shared library C:\Users\Nithesh\.openjfx\cache\19-ea+7\amd64\api-ms-win-crt-private-l1-1-0.dll
Event: 0.287 Loaded shared library C:\Users\Nithesh\.openjfx\cache\19-ea+7\amd64\api-ms-win-crt-process-l1-1-0.dll
Event: 0.289 Loaded shared library C:\Users\Nithesh\.openjfx\cache\19-ea+7\amd64\api-ms-win-crt-runtime-l1-1-0.dll
Event: 0.291 Loaded shared library C:\Users\Nithesh\.openjfx\cache\19-ea+7\amd64\api-ms-win-crt-stdio-l1-1-0.dll
Event: 0.293 Loaded shared library C:\Users\Nithesh\.openjfx\cache\19-ea+7\amd64\api-ms-win-crt-string-l1-1-0.dll
Event: 0.295 Loaded shared library C:\Users\Nithesh\.openjfx\cache\19-ea+7\amd64\api-ms-win-crt-time-l1-1-0.dll
Event: 0.297 Loaded shared library C:\Users\Nithesh\.openjfx\cache\19-ea+7\amd64\api-ms-win-crt-utility-l1-1-0.dll
Event: 0.309 Loaded shared library C:\Users\Nithesh\.openjfx\cache\19-ea+7\amd64\ucrtbase.dll
Event: 0.312 Loaded shared library C:\Users\Nithesh\.openjfx\cache\19-ea+7\amd64\vcruntime140.dll
Event: 0.314 Loaded shared library C:\Users\Nithesh\.openjfx\cache\19-ea+7\amd64\vcruntime140_1.dll
Event: 0.321 Loaded shared library C:\Users\Nithesh\.openjfx\cache\19-ea+7\amd64\msvcp140.dll
Event: 0.352 Loaded shared library C:\Users\Nithesh\.openjfx\cache\19-ea+7\amd64\prism_d3d.dll
Event: 0.379 Loaded shared library C:\Users\Nithesh\.openjfx\cache\19-ea+7\amd64\glass.dll

Deoptimization events (20 events):
Event: 0.337 Thread 0x00000165318b9990 Uncommon trap: trap_request=0xffffffde fr.pc=0x0000016541312034 relative=0x0000000000000114
Event: 0.337 Thread 0x00000165318b9990 Uncommon trap: reason=class_check action=maybe_recompile pc=0x0000016541312034 method=jdk.internal.misc.Unsafe.allocateUninitializedArray(Ljava/lang/Class;I)Ljava/lang/Object; @ 51 c2
Event: 0.337 Thread 0x00000165318b9990 DEOPT PACKING pc=0x0000016541312034 sp=0x000000030b6fa680
Event: 0.337 Thread 0x00000165318b9990 DEOPT UNPACKING pc=0x0000016540d9a5a3 sp=0x000000030b6fa608 mode 2
Event: 0.337 Thread 0x00000165318b9990 Uncommon trap: trap_request=0xffffffde fr.pc=0x0000016541312034 relative=0x0000000000000114
Event: 0.337 Thread 0x00000165318b9990 Uncommon trap: reason=class_check action=maybe_recompile pc=0x0000016541312034 method=jdk.internal.misc.Unsafe.allocateUninitializedArray(Ljava/lang/Class;I)Ljava/lang/Object; @ 51 c2
Event: 0.337 Thread 0x00000165318b9990 DEOPT PACKING pc=0x0000016541312034 sp=0x000000030b6fa5f0
Event: 0.337 Thread 0x00000165318b9990 DEOPT UNPACKING pc=0x0000016540d9a5a3 sp=0x000000030b6fa578 mode 2
Event: 0.344 Thread 0x00000165318b9990 Uncommon trap: trap_request=0xffffff45 fr.pc=0x000001654130968c relative=0x000000000000016c
Event: 0.344 Thread 0x00000165318b9990 Uncommon trap: reason=unstable_if action=reinterpret pc=0x000001654130968c method=java.lang.invoke.VarHandle.checkAccessModeThenIsDirect(Ljava/lang/invoke/VarHandle$AccessDescriptor;)Z @ 4 c2
Event: 0.344 Thread 0x00000165318b9990 DEOPT PACKING pc=0x000001654130968c sp=0x000000030b6fe660
Event: 0.344 Thread 0x00000165318b9990 DEOPT UNPACKING pc=0x0000016540d9a5a3 sp=0x000000030b6fe630 mode 2
Event: 0.388 Thread 0x0000016559780570 Uncommon trap: trap_request=0xffffff45 fr.pc=0x0000016541307cb0 relative=0x0000000000000270
Event: 0.388 Thread 0x0000016559780570 Uncommon trap: reason=unstable_if action=reinterpret pc=0x0000016541307cb0 method=java.lang.invoke.VarHandle.checkAccessModeThenIsDirect(Ljava/lang/invoke/VarHandle$AccessDescriptor;)Z @ 4 c2
Event: 0.388 Thread 0x0000016559780570 DEOPT PACKING pc=0x0000016541307cb0 sp=0x000000030cefe810
Event: 0.388 Thread 0x0000016559780570 DEOPT UNPACKING pc=0x0000016540d9a5a3 sp=0x000000030cefe768 mode 2
Event: 0.422 Thread 0x0000016559780570 Uncommon trap: trap_request=0xffffff45 fr.pc=0x0000016541306d14 relative=0x0000000000000074
Event: 0.422 Thread 0x0000016559780570 Uncommon trap: reason=unstable_if action=reinterpret pc=0x0000016541306d14 method=jdk.internal.misc.Unsafe.convEndian(ZI)I @ 4 c2
Event: 0.422 Thread 0x0000016559780570 DEOPT PACKING pc=0x0000016541306d14 sp=0x000000030cefd520
Event: 0.422 Thread 0x0000016559780570 DEOPT UNPACKING pc=0x0000016540d9a5a3 sp=0x000000030cefd450 mode 2

Classes loaded (20 events):
Event: 0.418 Loading class java/lang/WeakPairMap$Pair$Weak
Event: 0.418 Loading class java/lang/WeakPairMap$WeakRefPeer
Event: 0.418 Loading class java/lang/WeakPairMap$WeakRefPeer done
Event: 0.418 Loading class java/lang/WeakPairMap$Pair$Weak done
Event: 0.418 Loading class java/lang/WeakPairMap$Pair$Weak$1
Event: 0.418 Loading class java/lang/WeakPairMap$Pair$Weak$1 done
Event: 0.419 Loading class java/lang/reflect/ProxyGenerator
Event: 0.419 Loading class java/lang/reflect/ProxyGenerator done
Event: 0.419 Loading class java/lang/reflect/ProxyGenerator$ProxyMethod
Event: 0.419 Loading class java/lang/reflect/ProxyGenerator$ProxyMethod done
Event: 0.420 Loading class java/lang/reflect/ProxyGenerator$PrimitiveTypeInfo
Event: 0.420 Loading class java/lang/reflect/ProxyGenerator$PrimitiveTypeInfo done
Event: 0.420 Loading class jdk/internal/org/objectweb/asm/Edge
Event: 0.420 Loading class jdk/internal/org/objectweb/asm/Edge done
Event: 0.421 Loading class java/lang/reflect/Proxy$ProxyBuilder$1
Event: 0.421 Loading class java/lang/reflect/Proxy$ProxyBuilder$1 done
Event: 0.422 Loading class java/lang/annotation/Target
Event: 0.422 Loading class java/lang/annotation/Target done
Event: 0.427 Loading class java/lang/StackTraceElement$HashedModules
Event: 0.427 Loading class java/lang/StackTraceElement$HashedModules done

Classes unloaded (0 events):
No events

Classes redefined (0 events):
No events

Internal exceptions (16 events):
Event: 0.067 Thread 0x00000165318b9990 Exception <a 'java/lang/NoSuchMethodError'{0x000000071338e6a0}: 'void java.lang.invoke.DirectMethodHandle$Holder.invokeVirtual(java.lang.Object, java.lang.Object)'> (0x000000071338e6a0) 
thrown [s\open\src\hotspot\share\interpreter\linkResolver.cpp, line 774]
Event: 0.135 Thread 0x00000165318b9990 Exception <a 'java/lang/NoSuchMethodError'{0x0000000712ce8f98}: 'void java.lang.invoke.DirectMethodHandle$Holder.invokeStatic(java.lang.Object, java.lang.Object, java.lang.Object)'> (0x0000000712ce8f98) 
thrown [s\open\src\hotspot\share\interpreter\linkResolver.cpp, line 774]
Event: 0.139 Thread 0x00000165318b9990 Exception <a 'java/lang/NoSuchMethodError'{0x0000000712d00870}: 'java.lang.Object java.lang.invoke.Invokers$Holder.invokeExact_MT(java.lang.Object, java.lang.Object, java.lang.Object, java.lang.Object, java.lang.Object)'> (0x0000000712d00870) 
thrown [s\open\src\hotspot\share\interpreter\linkResolver.cpp, line 774]
Event: 0.147 Thread 0x0000016558f67c30 Exception <a 'java/lang/ClassNotFoundException'{0x0000000712d581f0}: jdk/net/ExtendedSocketOptions> (0x0000000712d581f0) 
thrown [s\open\src\hotspot\share\classfile\systemDictionary.cpp, line 255]
Event: 0.148 Thread 0x0000016558f67c30 Exception <a 'java/lang/NoSuchMethodError'{0x0000000712d59ba0}: 'void java.lang.invoke.DirectMethodHandle$Holder.invokeStatic(java.lang.Object, java.lang.Object)'> (0x0000000712d59ba0) 
thrown [s\open\src\hotspot\share\interpreter\linkResolver.cpp, line 774]
Event: 0.151 Thread 0x00000165318b9990 Exception <a 'java/lang/NoSuchMethodError'{0x0000000712d46ba0}: 'java.lang.Object java.lang.invoke.DirectMethodHandle$Holder.invokeStaticInit(java.lang.Object)'> (0x0000000712d46ba0) 
thrown [s\open\src\hotspot\share\interpreter\linkResolver.cpp, line 774]
Event: 0.153 Thread 0x00000165318b9990 Exception <a 'java/lang/NoSuchMethodError'{0x0000000712d4d620}: 'void java.lang.invoke.DirectMethodHandle$Holder.invokeStatic(java.lang.Object, java.lang.Object, java.lang.Object, java.lang.Object)'> (0x0000000712d4d620) 
thrown [s\open\src\hotspot\share\interpreter\linkResolver.cpp, line 774]
Event: 0.153 Thread 0x00000165318b9990 Exception <a 'java/lang/NoSuchMethodError'{0x0000000712d51580}: 'void java.lang.invoke.DirectMethodHandle$Holder.invokeSpecial(java.lang.Object, java.lang.Object, java.lang.Object, java.lang.Object, java.lang.Object)'> (0x0000000712d51580) 
thrown [s\open\src\hotspot\share\interpreter\linkResolver.cpp, line 774]
Event: 0.156 Thread 0x00000165318b9990 Exception <a 'java/lang/NoSuchMethodError'{0x0000000712dd4ac0}: 'java.lang.Object java.lang.invoke.Invokers$Holder.invokeExact_MT(java.lang.Object, java.lang.Object, java.lang.Object, java.lang.Object, java.lang.Object, java.lang.Object)'> (0x0000000712dd4ac0) 
thrown [s\open\src\hotspot\share\interpreter\linkResolver.cpp, line 774]
Event: 0.338 Thread 0x00000165318b9990 Exception <a 'java/lang/NoSuchMethodError'{0x00000007127e5ea0}: 'void java.lang.invoke.DirectMethodHandle$Holder.invokeSpecial(java.lang.Object, java.lang.Object, java.lang.Object)'> (0x00000007127e5ea0) 
thrown [s\open\src\hotspot\share\interpreter\linkResolver.cpp, line 774]
Event: 0.365 Thread 0x00000165318b9990 Exception <a 'java/lang/NoSuchMethodError'{0x00000007124376b8}: 'int java.lang.invoke.DirectMethodHandle$Holder.invokeStaticInit(java.lang.Object, java.lang.Object, java.lang.Object)'> (0x00000007124376b8) 
thrown [s\open\src\hotspot\share\interpreter\linkResolver.cpp, line 774]
Event: 0.382 Thread 0x00000165318b9990 Exception <a 'java/lang/NoSuchMethodError'{0x00000007125604f0}: 'java.lang.Object java.lang.invoke.DirectMethodHandle$Holder.newInvokeSpecial(java.lang.Object, java.lang.Object, int, java.lang.Object)'> (0x00000007125604f0) 
thrown [s\open\src\hotspot\share\interpreter\linkResolver.cpp, line 774]
Event: 0.383 Thread 0x00000165318b9990 Exception <a 'java/lang/NoSuchMethodError'{0x00000007125648e8}: 'java.lang.Object java.lang.invoke.DirectMethodHandle$Holder.invokeSpecial(java.lang.Object, java.lang.Object, java.lang.Object, int, java.lang.Object)'> (0x00000007125648e8) 
thrown [s\open\src\hotspot\share\interpreter\linkResolver.cpp, line 774]
Event: 0.408 Thread 0x0000016559780570 Exception <a 'java/lang/NoSuchMethodError'{0x000000071230e710}: 'void java.lang.invoke.DirectMethodHandle$Holder.invokeStaticInit(java.lang.Object)'> (0x000000071230e710) 
thrown [s\open\src\hotspot\share\interpreter\linkResolver.cpp, line 774]
Event: 0.410 Thread 0x00000165318b9990 Exception <a 'java/lang/NoSuchMethodError'{0x0000000712579598}: 'java.lang.Object java.lang.invoke.DirectMethodHandle$Holder.newInvokeSpecial(java.lang.Object, java.lang.Object, java.lang.Object, java.lang.Object, java.lang.Object, java.lang.Object)'> (0x0000000712579598) 
thrown [s\open\src\hotspot\share\interpreter\linkResolver.cpp, line 774]
Event: 0.428 Thread 0x00000165318b9990 Exception <a 'java/lang/NoSuchMethodError'{0x00000007125b32e8}: 'java.lang.Object java.lang.invoke.DirectMethodHandle$Holder.newInvokeSpecial(java.lang.Object, java.lang.Object, java.lang.Object, java.lang.Object, java.lang.Object)'> (0x00000007125b32e8) 
thrown [s\open\src\hotspot\share\interpreter\linkResolver.cpp, line 774]

VM Operations (8 events):
Event: 0.118 Executing VM operation: HandshakeAllThreads
Event: 0.118 Executing VM operation: HandshakeAllThreads done
Event: 0.118 Executing VM operation: HandshakeAllThreads
Event: 0.118 Executing VM operation: HandshakeAllThreads done
Event: 0.144 Executing VM operation: HandshakeAllThreads
Event: 0.144 Executing VM operation: HandshakeAllThreads done
Event: 0.374 Executing VM operation: HandshakeAllThreads
Event: 0.374 Executing VM operation: HandshakeAllThreads done

Events (20 events):
Event: 0.013 Thread 0x00000165318b9990 Thread added: 0x00000165318b9990
Event: 0.025 Thread 0x00000165545791b0 Thread added: 0x00000165545791b0
Event: 0.025 Thread 0x0000016554579dd0 Thread added: 0x0000016554579dd0
Event: 0.026 Thread 0x000001655457eb70 Thread added: 0x000001655457eb70
Event: 0.026 Thread 0x000001655457f590 Thread added: 0x000001655457f590
Event: 0.026 Thread 0x000001655457ffb0 Thread added: 0x000001655457ffb0
Event: 0.026 Thread 0x00000165545809d0 Thread added: 0x00000165545809d0
Event: 0.026 Thread 0x0000016554583730 Thread added: 0x0000016554583730
Event: 0.026 Thread 0x000001655458de00 Thread added: 0x000001655458de00
Event: 0.026 Thread 0x000001655458e380 Thread added: 0x000001655458e380
Event: 0.050 Thread 0x0000016558e26510 Thread added: 0x0000016558e26510
Event: 0.098 Thread 0x0000016558f16b10 Thread added: 0x0000016558f16b10
Event: 0.101 Thread 0x0000016558f68910 Thread added: 0x0000016558f68910
Event: 0.142 Thread 0x0000016558f67c30 Thread added: 0x0000016558f67c30
Event: 0.142 Thread 0x0000016558f68170 Thread added: 0x0000016558f68170
Event: 0.344 Thread 0x00000165598fbd90 Thread added: 0x00000165598fbd90
Event: 0.381 Thread 0x000001655977cff0 Thread added: 0x000001655977cff0
Event: 0.384 Thread 0x0000016559780570 Thread added: 0x0000016559780570
Event: 0.428 Thread 0x00000165597d5930 Thread added: 0x00000165597d5930
Event: 0.429 Thread 0x00000165597d6eb0 Thread added: 0x00000165597d6eb0


Dynamic libraries:
0x00007ff71d760000 - 0x00007ff71d770000 	C:\Program Files\Java\jdk-19\bin\java.exe
0x00007ff91c8e0000 - 0x00007ff91cae9000 	C:\Windows\SYSTEM32\ntdll.dll
0x00007ff91ad60000 - 0x00007ff91ae1e000 	C:\Windows\System32\KERNEL32.DLL
0x00007ff91a3b0000 - 0x00007ff91a72b000 	C:\Windows\System32\KERNELBASE.dll
0x00007ff919f40000 - 0x00007ff91a051000 	C:\Windows\System32\ucrtbase.dll
0x00007ff914310000 - 0x00007ff914328000 	C:\Program Files\Java\jdk-19\bin\jli.dll
0x00007ff903dd0000 - 0x00007ff903deb000 	C:\Program Files\Java\jdk-19\bin\VCRUNTIME140.dll
0x00007ff91b780000 - 0x00007ff91b82e000 	C:\Windows\System32\ADVAPI32.dll
0x00007ff91b940000 - 0x00007ff91b9e3000 	C:\Windows\System32\msvcrt.dll
0x00007ff91abd0000 - 0x00007ff91ac6e000 	C:\Windows\System32\sechost.dll
0x00007ff91bbd0000 - 0x00007ff91bcf0000 	C:\Windows\System32\RPCRT4.dll
0x00007ff91b1c0000 - 0x00007ff91b36d000 	C:\Windows\System32\USER32.dll
0x00007ff91a730000 - 0x00007ff91a756000 	C:\Windows\System32\win32u.dll
0x00007ff901f80000 - 0x00007ff902225000 	C:\Windows\WinSxS\amd64_microsoft.windows.common-controls_6595b64144ccf1df_6.0.22000.120_none_9d947278b86cc467\COMCTL32.dll
0x00007ff91bd10000 - 0x00007ff91bd39000 	C:\Windows\System32\GDI32.dll
0x00007ff919e20000 - 0x00007ff919f38000 	C:\Windows\System32\gdi32full.dll
0x00007ff91a250000 - 0x00007ff91a2ed000 	C:\Windows\System32\msvcp_win.dll
0x00007ff9105a0000 - 0x00007ff9105aa000 	C:\Windows\SYSTEM32\VERSION.dll
0x00007ff91b610000 - 0x00007ff91b642000 	C:\Windows\System32\IMM32.DLL
0x00007ff90c270000 - 0x00007ff90c27c000 	C:\Program Files\Java\jdk-19\bin\vcruntime140_1.dll
0x00007ff8e34b0000 - 0x00007ff8e353e000 	C:\Program Files\Java\jdk-19\bin\msvcp140.dll
0x00007ff8bc220000 - 0x00007ff8bcee0000 	C:\Program Files\Java\jdk-19\bin\server\jvm.dll
0x00007ff911bb0000 - 0x00007ff911be3000 	C:\Windows\SYSTEM32\WINMM.dll
0x00007ff9026d0000 - 0x00007ff9026d9000 	C:\Windows\SYSTEM32\WSOCK32.dll
0x00007ff91b370000 - 0x00007ff91b3df000 	C:\Windows\System32\WS2_32.dll
0x00007ff918f20000 - 0x00007ff918f38000 	C:\Windows\SYSTEM32\kernel.appcore.dll
0x00007ff90b230000 - 0x00007ff90b23a000 	C:\Program Files\Java\jdk-19\bin\jimage.dll
0x00007ff916e80000 - 0x00007ff9170a1000 	C:\Windows\SYSTEM32\DBGHELP.DLL
0x00007ff9043e0000 - 0x00007ff904411000 	C:\Windows\SYSTEM32\dbgcore.DLL
0x00007ff91a060000 - 0x00007ff91a0df000 	C:\Windows\System32\bcryptPrimitives.dll
0x00007ff913f40000 - 0x00007ff913f4e000 	C:\Program Files\Java\jdk-19\bin\instrument.dll
0x00007ff901150000 - 0x00007ff901176000 	C:\Program Files\Java\jdk-19\bin\java.dll
0x00007ff8c9040000 - 0x00007ff8c9117000 	C:\Program Files\Java\jdk-19\bin\jsvml.dll
0x00007ff91bd60000 - 0x00007ff91c518000 	C:\Windows\System32\SHELL32.dll
0x00007ff917e80000 - 0x00007ff9186e5000 	C:\Windows\SYSTEM32\windows.storage.dll
0x00007ff91c520000 - 0x00007ff91c898000 	C:\Windows\System32\combase.dll
0x00007ff917d10000 - 0x00007ff917e76000 	C:\Windows\SYSTEM32\wintypes.dll
0x00007ff91bae0000 - 0x00007ff91bbca000 	C:\Windows\System32\SHCORE.dll
0x00007ff91ad00000 - 0x00007ff91ad5d000 	C:\Windows\System32\shlwapi.dll
0x00007ff919ce0000 - 0x00007ff919d01000 	C:\Windows\SYSTEM32\profapi.dll
0x00007ff903cc0000 - 0x00007ff903cd3000 	C:\Program Files\Java\jdk-19\bin\net.dll
0x00007ff9141e0000 - 0x00007ff9142f4000 	C:\Windows\SYSTEM32\WINHTTP.dll
0x00007ff9193c0000 - 0x00007ff919427000 	C:\Windows\system32\mswsock.dll
0x00007ff8fc2a0000 - 0x00007ff8fc2b6000 	C:\Program Files\Java\jdk-19\bin\nio.dll
0x00007ff8fa810000 - 0x00007ff8fa828000 	C:\Program Files\Java\jdk-19\bin\zip.dll
0x00007ff9010f0000 - 0x00007ff90110a000 	N:\intelij\IntelliJ IDEA Community Edition 2022.2.4\bin\breakgen64.dll
0x000001652f880000 - 0x000001652f883000 	C:\Users\Nithesh\.openjfx\cache\19-ea+7\amd64\api-ms-win-core-console-l1-1-0.dll
0x000001652f890000 - 0x000001652f893000 	C:\Users\Nithesh\.openjfx\cache\19-ea+7\amd64\api-ms-win-core-console-l1-2-0.dll
0x000001652f8a0000 - 0x000001652f8a3000 	C:\Users\Nithesh\.openjfx\cache\19-ea+7\amd64\api-ms-win-core-datetime-l1-1-0.dll
0x000001652f8b0000 - 0x000001652f8b3000 	C:\Users\Nithesh\.openjfx\cache\19-ea+7\amd64\api-ms-win-core-debug-l1-1-0.dll
0x0000016531840000 - 0x0000016531843000 	C:\Users\Nithesh\.openjfx\cache\19-ea+7\amd64\api-ms-win-core-errorhandling-l1-1-0.dll
0x0000016531850000 - 0x0000016531854000 	C:\Users\Nithesh\.openjfx\cache\19-ea+7\amd64\api-ms-win-core-file-l1-1-0.dll
0x0000016531860000 - 0x0000016531863000 	C:\Users\Nithesh\.openjfx\cache\19-ea+7\amd64\api-ms-win-core-file-l1-2-0.dll
0x0000016554bf0000 - 0x0000016554bf3000 	C:\Users\Nithesh\.openjfx\cache\19-ea+7\amd64\api-ms-win-core-file-l2-1-0.dll
0x0000016559900000 - 0x0000016559903000 	C:\Users\Nithesh\.openjfx\cache\19-ea+7\amd64\api-ms-win-core-handle-l1-1-0.dll
0x0000016559910000 - 0x0000016559913000 	C:\Users\Nithesh\.openjfx\cache\19-ea+7\amd64\api-ms-win-core-heap-l1-1-0.dll
0x0000016559920000 - 0x0000016559923000 	C:\Users\Nithesh\.openjfx\cache\19-ea+7\amd64\api-ms-win-core-interlocked-l1-1-0.dll
0x0000016559930000 - 0x0000016559933000 	C:\Users\Nithesh\.openjfx\cache\19-ea+7\amd64\api-ms-win-core-libraryloader-l1-1-0.dll
0x0000016559940000 - 0x0000016559943000 	C:\Users\Nithesh\.openjfx\cache\19-ea+7\amd64\api-ms-win-core-localization-l1-2-0.dll
0x0000016559950000 - 0x0000016559953000 	C:\Users\Nithesh\.openjfx\cache\19-ea+7\amd64\api-ms-win-core-memory-l1-1-0.dll
0x0000016559960000 - 0x0000016559963000 	C:\Users\Nithesh\.openjfx\cache\19-ea+7\amd64\api-ms-win-core-namedpipe-l1-1-0.dll
0x0000016559970000 - 0x0000016559973000 	C:\Users\Nithesh\.openjfx\cache\19-ea+7\amd64\api-ms-win-core-processenvironment-l1-1-0.dll
0x0000016559980000 - 0x0000016559983000 	C:\Users\Nithesh\.openjfx\cache\19-ea+7\amd64\api-ms-win-core-processthreads-l1-1-0.dll
0x0000016559990000 - 0x0000016559993000 	C:\Users\Nithesh\.openjfx\cache\19-ea+7\amd64\api-ms-win-core-processthreads-l1-1-1.dll
0x00000165599a0000 - 0x00000165599a3000 	C:\Users\Nithesh\.openjfx\cache\19-ea+7\amd64\api-ms-win-core-profile-l1-1-0.dll
0x00000165599b0000 - 0x00000165599b3000 	C:\Users\Nithesh\.openjfx\cache\19-ea+7\amd64\api-ms-win-core-rtlsupport-l1-1-0.dll
0x00000165599c0000 - 0x00000165599c3000 	C:\Users\Nithesh\.openjfx\cache\19-ea+7\amd64\api-ms-win-core-string-l1-1-0.dll
0x00000165599d0000 - 0x00000165599d3000 	C:\Users\Nithesh\.openjfx\cache\19-ea+7\amd64\api-ms-win-core-synch-l1-1-0.dll
0x00000165599e0000 - 0x00000165599e3000 	C:\Users\Nithesh\.openjfx\cache\19-ea+7\amd64\api-ms-win-core-synch-l1-2-0.dll
0x00000165599f0000 - 0x00000165599f3000 	C:\Users\Nithesh\.openjfx\cache\19-ea+7\amd64\api-ms-win-core-sysinfo-l1-1-0.dll
0x0000016559a00000 - 0x0000016559a03000 	C:\Users\Nithesh\.openjfx\cache\19-ea+7\amd64\api-ms-win-core-timezone-l1-1-0.dll
0x0000016559a10000 - 0x0000016559a13000 	C:\Users\Nithesh\.openjfx\cache\19-ea+7\amd64\api-ms-win-core-util-l1-1-0.dll
0x0000016559a20000 - 0x0000016559a23000 	C:\Users\Nithesh\.openjfx\cache\19-ea+7\amd64\api-ms-win-crt-conio-l1-1-0.dll
0x0000016559a30000 - 0x0000016559a34000 	C:\Users\Nithesh\.openjfx\cache\19-ea+7\amd64\api-ms-win-crt-convert-l1-1-0.dll
0x0000016559a40000 - 0x0000016559a43000 	C:\Users\Nithesh\.openjfx\cache\19-ea+7\amd64\api-ms-win-crt-environment-l1-1-0.dll
0x0000016559a50000 - 0x0000016559a53000 	C:\Users\Nithesh\.openjfx\cache\19-ea+7\amd64\api-ms-win-crt-filesystem-l1-1-0.dll
0x0000016559a60000 - 0x0000016559a63000 	C:\Users\Nithesh\.openjfx\cache\19-ea+7\amd64\api-ms-win-crt-heap-l1-1-0.dll
0x0000016559a70000 - 0x0000016559a73000 	C:\Users\Nithesh\.openjfx\cache\19-ea+7\amd64\api-ms-win-crt-locale-l1-1-0.dll
0x0000016559a80000 - 0x0000016559a85000 	C:\Users\Nithesh\.openjfx\cache\19-ea+7\amd64\api-ms-win-crt-math-l1-1-0.dll
0x0000016559a90000 - 0x0000016559a95000 	C:\Users\Nithesh\.openjfx\cache\19-ea+7\amd64\api-ms-win-crt-multibyte-l1-1-0.dll
0x0000016559aa0000 - 0x0000016559ab0000 	C:\Users\Nithesh\.openjfx\cache\19-ea+7\amd64\api-ms-win-crt-private-l1-1-0.dll
0x0000016559ab0000 - 0x0000016559ab3000 	C:\Users\Nithesh\.openjfx\cache\19-ea+7\amd64\api-ms-win-crt-process-l1-1-0.dll
0x0000016559ac0000 - 0x0000016559ac4000 	C:\Users\Nithesh\.openjfx\cache\19-ea+7\amd64\api-ms-win-crt-runtime-l1-1-0.dll
0x0000016559ad0000 - 0x0000016559ad4000 	C:\Users\Nithesh\.openjfx\cache\19-ea+7\amd64\api-ms-win-crt-stdio-l1-1-0.dll
0x0000016559ae0000 - 0x0000016559ae4000 	C:\Users\Nithesh\.openjfx\cache\19-ea+7\amd64\api-ms-win-crt-string-l1-1-0.dll
0x0000016559af0000 - 0x0000016559af3000 	C:\Users\Nithesh\.openjfx\cache\19-ea+7\amd64\api-ms-win-crt-time-l1-1-0.dll
0x0000016559b00000 - 0x0000016559b03000 	C:\Users\Nithesh\.openjfx\cache\19-ea+7\amd64\api-ms-win-crt-utility-l1-1-0.dll
0x00007ff8d6bd0000 - 0x00007ff8d6ccc000 	C:\Users\Nithesh\.openjfx\cache\19-ea+7\amd64\ucrtbase.dll
0x00007ff9010d0000 - 0x00007ff9010eb000 	C:\Users\Nithesh\.openjfx\cache\19-ea+7\amd64\vcruntime140.dll
0x00007ff90ae70000 - 0x00007ff90ae7c000 	C:\Users\Nithesh\.openjfx\cache\19-ea+7\amd64\vcruntime140_1.dll
0x00007ff8e7e40000 - 0x00007ff8e7ece000 	C:\Users\Nithesh\.openjfx\cache\19-ea+7\amd64\msvcp140.dll
0x00007ff8f7140000 - 0x00007ff8f716c000 	C:\Users\Nithesh\.openjfx\cache\19-ea+7\amd64\prism_d3d.dll
0x00007ff90c6a0000 - 0x00007ff90c846000 	C:\Windows\system32\d3d9.dll
0x00007ff9176d0000 - 0x00007ff9176ff000 	C:\Windows\SYSTEM32\dwmapi.dll
0x00007ff917530000 - 0x00007ff917568000 	C:\Windows\SYSTEM32\dxcore.dll
0x00007ff917390000 - 0x00007ff91743c000 	C:\Windows\system32\uxtheme.dll
0x00007ff8d1820000 - 0x00007ff8d19cc000 	C:\Windows\System32\DriverStore\FileRepository\iigd_dch.inf_amd64_6eb4d111988ca687\igdumdim64.dll
0x00007ff91ae20000 - 0x00007ff91afba000 	C:\Windows\System32\ole32.dll
0x00007ff90ec70000 - 0x00007ff90f060000 	C:\Windows\System32\DriverStore\FileRepository\iigd_dch.inf_amd64_6eb4d111988ca687\igdgmm64.dll
0x00007ff914070000 - 0x00007ff9140b4000 	C:\Windows\SYSTEM32\directxdatabasehelper.dll
0x00007ff918f40000 - 0x00007ff918f74000 	C:\Windows\SYSTEM32\ntmarta.dll
0x00007ff8f02c0000 - 0x00007ff8f0302000 	C:\Users\Nithesh\.openjfx\cache\19-ea+7\amd64\glass.dll
0x00007ff91b9f0000 - 0x00007ff91badc000 	C:\Windows\System32\COMDLG32.dll
0x00007ff91b860000 - 0x00007ff91b936000 	C:\Windows\System32\OLEAUT32.dll
0x00007ff91afc0000 - 0x00007ff91b0dd000 	C:\Windows\System32\MSCTF.dll

dbghelp: loaded successfully - version: 4.0.5 - missing functions: none
symbol engine: initialized successfully - sym options: 0x614 - pdb path: .;C:\Program Files\Java\jdk-19\bin;C:\Windows\SYSTEM32;C:\Windows\WinSxS\amd64_microsoft.windows.common-controls_6595b64144ccf1df_6.0.22000.120_none_9d947278b86cc467;C:\Program Files\Java\jdk-19\bin\server;N:\intelij\IntelliJ IDEA Community Edition 2022.2.4\bin;C:\Users\Nithesh\.openjfx\cache\19-ea+7\amd64;C:\Windows\System32\DriverStore\FileRepository\iigd_dch.inf_amd64_6eb4d111988ca687

VM Arguments:
jvm_args: -javaagent:N:\intelij\IntelliJ IDEA Community Edition 2022.2.4\lib\idea_rt.jar=58021:N:\intelij\IntelliJ IDEA Community Edition 2022.2.4\bin -Dfile.encoding=UTF-8 -Dsun.stdout.encoding=UTF-8 -Dsun.stderr.encoding=UTF-8 --module-path=D:\java projects\demo5\target\classes;C:\Users\Nithesh\.m2\repository\org\openjfx\javafx-fxml\19-ea+7\javafx-fxml-19-ea+7-win.jar;C:\Users\Nithesh\.m2\repository\org\openjfx\javafx-graphics\19-ea+7\javafx-graphics-19-ea+7-win.jar;C:\Users\Nithesh\.m2\repository\org\openjfx\javafx-controls\19-ea+7\javafx-controls-19-ea+7-win.jar;C:\Users\Nithesh\.m2\repository\org\openjfx\javafx-base\19-ea+7\javafx-base-19-ea+7-win.jar -Djdk.module.main=com.example.demo5 
java_command: com.example.demo5/com.example.demo5.HelloApplication
java_class_path (initial): C:\Users\Nithesh\.m2\repository\org\openjfx\javafx-controls\19-ea+7\javafx-controls-19-ea+7.jar;C:\Users\Nithesh\.m2\repository\org\openjfx\javafx-graphics\19-ea+7\javafx-graphics-19-ea+7.jar;C:\Users\Nithesh\.m2\repository\org\openjfx\javafx-base\19-ea+7\javafx-base-19-ea+7.jar;C:\Users\Nithesh\.m2\repository\org\openjfx\javafx-fxml\19-ea+7\javafx-fxml-19-ea+7.jar
Launcher Type: SUN_STANDARD

[Global flags]
     intx CICompilerCount                          = 4                                         {product} {ergonomic}
     uint ConcGCThreads                            = 2                                         {product} {ergonomic}
     uint G1ConcRefinementThreads                  = 8                                         {product} {ergonomic}
   size_t G1HeapRegionSize                         = 2097152                                   {product} {ergonomic}
    uintx GCDrainStackTargetSize                   = 64                                        {product} {ergonomic}
   size_t InitialHeapSize                          = 266338304                                 {product} {ergonomic}
   size_t MarkStackSize                            = 4194304                                   {product} {ergonomic}
   size_t MaxHeapSize                              = 4238344192                                {product} {ergonomic}
   size_t MaxNewSize                               = 2541748224                                {product} {ergonomic}
   size_t MinHeapDeltaBytes                        = 2097152                                   {product} {ergonomic}
   size_t MinHeapSize                              = 8388608                                   {product} {ergonomic}
    uintx NonNMethodCodeHeapSize                   = 5839372                                {pd product} {ergonomic}
    uintx NonProfiledCodeHeapSize                  = 122909434                              {pd product} {ergonomic}
    uintx ProfiledCodeHeapSize                     = 122909434                              {pd product} {ergonomic}
    uintx ReservedCodeCacheSize                    = 251658240                              {pd product} {ergonomic}
     bool SegmentedCodeCache                       = true                                      {product} {ergonomic}
   size_t SoftMaxHeapSize                          = 4238344192                             {manageable} {ergonomic}
     bool UseCompressedClassPointers               = true                           {product lp64_product} {ergonomic}
     bool UseCompressedOops                        = true                           {product lp64_product} {ergonomic}
     bool UseG1GC                                  = true                                      {product} {ergonomic}
     bool UseLargePagesIndividualAllocation        = false                                  {pd product} {ergonomic}

Logging:
Log output configuration:
 #0: stdout all=warning uptime,level,tags foldmultilines=false
 #1: stderr all=off uptime,level,tags foldmultilines=false

Environment Variables:
JAVA_HOME=C:\Program Files\Java\javafx-sdk-19
PATH=C:\Program Files (x86)\Common Files\Intel\Shared Libraries\redist\intel64_win\compiler;C:\Program Files (x86)\Common Files\Intel\Shared Libraries\redist\intel64\compiler;C:\Program Files\Common Files\Oracle\Java\javapath;C:\Windows\system32;C:\Windows;C:\Windows\System32\Wbem;C:\Windows\System32\WindowsPowerShell\v1.0\;C:\Windows\System32\OpenSSH\;C:\Program Files\mingw-w64\x86_64-8.1.0-posix-seh-rt_v6-rev0\mingw64\bin;C:\Program Files\nodejs\;C:\Program Files\Java\jdk-19\bin;C:\Program Files\Git\cmd;C:\Program Files\Git\bin;;C:\Program Files\Docker\Docker\resources\bin;C:\ProgramData\DockerDesktop\version-bin;C:\Users\Nithesh\AppData\Local\Programs\Python\Python310\Scripts\;C:\Users\Nithesh\AppData\Local\Programs\Python\Python310\;C:\Users\Nithesh\AppData\Local\Microsoft\WindowsApps;C:\Program Files (x86)\Java\jre1.8.0_311\bin;D:\PyCharm Community Edition 2021.2.3\bin;;C:\Program Files\mingw-w64\x86_64-8.1.0-posix-seh-rt_v6-rev0\mingw64\bin;C:\Users\Nithesh\AppData\Local\Programs\Microsoft VS Code\bin;C:\Users\Nithesh\AppData\Roaming\npm;N:\intelij\IntelliJ IDEA Community Edition 2022.2.4\bin;;C:\Users\Nithesh\AppData\Local\GitHubDesktop\bin;C:\Program Files\Java\javafx-sdk-19\bin;
USERNAME=Nithesh
OS=Windows_NT
PROCESSOR_IDENTIFIER=Intel64 Family 6 Model 140 Stepping 1, GenuineIntel
TMP=C:\Users\Nithesh\AppData\Local\Temp
TEMP=C:\Users\Nithesh\AppData\Local\Temp



---------------  S Y S T E M  ---------------

OS:
 Windows 11 , 64 bit Build 22000 (10.0.22000.1219)
OS uptime: 4 days 12:01 hours
Hyper-V role detected

CPU: total 8 (initial active 8) (4 cores per cpu, 2 threads per core) family 6 model 140 stepping 1 microcode 0xa4, cx8, cmov, fxsr, ht, mmx, 3dnowpref, sse, sse2, sse3, ssse3, sse4.1, sse4.2, popcnt, lzcnt, tsc, tscinvbit, avx, avx2, aes, erms, clmul, bmi1, bmi2, adx, avx512f, avx512dq, avx512cd, avx512bw, avx512vl, sha, fma, vzeroupper, avx512_vpopcntdq, avx512_vpclmulqdq, avx512_vaes, avx512_vnni, clflush, clflushopt, clwb, avx512_vbmi2, avx512_vbmi, hv, rdtscp, rdpid, fsrm, gfni, avx512_bitalg

Memory: 4k page, system-wide physical 16167M (2238M free)
TotalPageFile size 16167M (AvailPageFile size 3M)
current process WorkingSet (physical memory assigned to process): 73M, peak: 73M
current process commit charge ("private bytes"): 359M, peak: 363M

vm_info: Java HotSpot(TM) 64-Bit Server VM (19+36-2238) for windows-amd64 JRE (19+36-2238), built on 2022-08-12T20:29:01Z by "mach5one" with MS VC++ 17.1 (VS2022)

END.
