#
# There is insufficient memory for the Java Runtime Environment to continue.
# Native memory allocation (mmap) failed to map 266338304 bytes for G1 virtual space
# Possible reasons:
#   The system is out of physical RAM or swap space
#   The process is running with CompressedOops enabled, and the Java Heap may be blocking the growth of the native heap
# Possible solutions:
#   Reduce memory load on the system
#   Increase physical memory or swap space
#   Check if swap backing store is full
#   Decrease Java heap size (-Xmx/-Xms)
#   Decrease number of Java threads
#   Decrease Java thread stack sizes (-Xss)
#   Set larger code cache with -XX:ReservedCodeCacheSize=
#   JVM is running with Zero Based Compressed Oops mode in which the Java heap is
#     placed in the first 32GB address space. The Java Heap base address is the
#     maximum limit for the native heap growth. Please use -XX:HeapBaseMinAddress
#     to set the Java Heap base and to place the Java Heap above 32GB virtual address.
# This output file may be truncated or incomplete.
#
#  Out of Memory Error (os_windows.cpp:3527), pid=19352, tid=19712
#
# JRE version:  (19.0+36) (build )
# Java VM: Java HotSpot(TM) 64-Bit Server VM (19+36-2238, mixed mode, sharing, tiered, compressed oops, compressed class ptrs, g1 gc, windows-amd64)
# No core dump will be written. Minidumps are not enabled by default on client versions of Windows
#

---------------  S U M M A R Y ------------

Command Line: -javaagent:N:\intelij\IntelliJ IDEA Community Edition 2022.2.4\lib\idea_rt.jar=64742:N:\intelij\IntelliJ IDEA Community Edition 2022.2.4\bin -Dfile.encoding=UTF-8 -Dsun.stdout.encoding=UTF-8 -Dsun.stderr.encoding=UTF-8 --module-path=C:\Users\Nithesh\.m2\repository\org\openjfx\javafx-controls\19-ea+7\javafx-controls-19-ea+7-win.jar;C:\Users\Nithesh\.m2\repository\org\openjfx\javafx-graphics\19-ea+7\javafx-graphics-19-ea+7-win.jar;D:\java projects\demo5\target\classes;C:\Users\Nithesh\.m2\repository\org\openjfx\javafx-base\19-ea+7\javafx-base-19-ea+7-win.jar;C:\Users\Nithesh\.m2\repository\org\openjfx\javafx-fxml\19-ea+7\javafx-fxml-19-ea+7-win.jar -Djdk.module.main=com.example.demo5 com.example.demo5/com.example.demo5.HelloApplication

Host: 11th Gen Intel(R) Core(TM) i5-1135G7 @ 2.40GHz, 8 cores, 15G,  Windows 11 , 64 bit Build 22000 (10.0.22000.1219)
Time: Fri Dec  9 17:03:59 2022 India Standard Time elapsed time: 0.011068 seconds (0d 0h 0m 0s)

---------------  T H R E A D  ---------------

Current thread (0x00000256f64513c0):  JavaThread "Unknown thread" [_thread_in_vm, id=19712, stack(0x00000071acf00000,0x00000071ad000000)]

Stack: [0x00000071acf00000,0x00000071ad000000]
Native frames: (J=compiled Java code, j=interpreted, Vv=VM code, C=native code)
V  [jvm.dll+0x6ee8fa]
V  [jvm.dll+0x857a1e]
V  [jvm.dll+0x85940e]
V  [jvm.dll+0x859ac3]
V  [jvm.dll+0x28291f]
V  [jvm.dll+0x6eb6e9]
V  [jvm.dll+0x6e028a]
V  [jvm.dll+0x357136]
V  [jvm.dll+0x35eb96]
V  [jvm.dll+0x3b555e]
V  [jvm.dll+0x3b578f]
V  [jvm.dll+0x32c6ea]
V  [jvm.dll+0x32d59e]
V  [jvm.dll+0x821b20]
V  [jvm.dll+0x3c27c1]
V  [jvm.dll+0x8022f1]
V  [jvm.dll+0x44b30f]
V  [jvm.dll+0x44cc91]
C  [jli.dll+0x5287]
C  [ucrtbase.dll+0x26c0c]
C  [KERNEL32.DLL+0x15550]
C  [ntdll.dll+0x485b]


---------------  P R O C E S S  ---------------

Threads class SMR info:
_java_thread_list=0x00007ffdb0bdd048, length=0, elements={
}

Java Threads: ( => current thread )

Other Threads:
  0x00000256f64c1af0 WorkerThread "GC Thread#0" [stack: 0x00000071ad000000,0x00000071ad100000] [id=21928]
  0x00000256f41ddf00 ConcurrentGCThread "G1 Main Marker" [stack: 0x00000071ad100000,0x00000071ad200000] [id=18248]
  0x00000256f41dec30 WorkerThread "G1 Conc#0" [stack: 0x00000071ad200000,0x00000071ad300000] [id=18200]

[error occurred during error reporting (printing all threads), id 0xc0000005, EXCEPTION_ACCESS_VIOLATION (0xc0000005) at pc=0x00007ffdb039d127]

VM state: not at safepoint (not fully initialized)

VM Mutex/Monitor currently owned by a thread:  ([mutex/lock_event])
[0x00000256f644cf10] Heap_lock - owner thread: 0x00000256f64513c0

Heap address: 0x0000000703600000, size: 4042 MB, Compressed Oops mode: Zero based, Oop shift amount: 3

CDS archive(s) mapped at: [0x0000000000000000-0x0000000000000000-0x0000000000000000), size 0, SharedBaseAddress: 0x0000000800000000, ArchiveRelocationMode: 0.
Narrow klass base: 0x0000000000000000, Narrow klass shift: 0, Narrow klass range: 0x0

GC Precious Log:
 CardTable entry size: 512
 Card Set container configuration: InlinePtr #cards 4 size 8 Array Of Cards #cards 8 size 32 Howl #buckets 8 coarsen threshold 3686 Howl Bitmap #cards 512 size 80 coarsen threshold 460 Card regions per heap region 1 cards per card region 4096

Heap:
 garbage-first heap   total 0K, used 0K [0x0000000703600000, 0x0000000800000000)
  region size 2048K, 0 young (0K), 0 survivors (0K)

[error occurred during error reporting (printing heap information), id 0xc0000005, EXCEPTION_ACCESS_VIOLATION (0xc0000005) at pc=0x00007ffdb07a6959]

GC Heap History (0 events):
No events

Dll operation events (1 events):
Event: 0.006 Loaded shared library C:\Program Files\Java\jdk-19\bin\java.dll

Deoptimization events (0 events):
No events

Classes loaded (0 events):
No events

Classes unloaded (0 events):
No events

Classes redefined (0 events):
No events

Internal exceptions (0 events):
No events

VM Operations (0 events):
No events

Events (0 events):
No events


Dynamic libraries:
0x00007ff7abd60000 - 0x00007ff7abd70000 	C:\Program Files\Java\jdk-19\bin\java.exe
0x00007ffe11ce0000 - 0x00007ffe11ee9000 	C:\Windows\SYSTEM32\ntdll.dll
0x00007ffe10600000 - 0x00007ffe106be000 	C:\Windows\System32\KERNEL32.DLL
0x00007ffe0f7b0000 - 0x00007ffe0fb2b000 	C:\Windows\System32\KERNELBASE.dll
0x00007ffe0f1b0000 - 0x00007ffe0f2c1000 	C:\Windows\System32\ucrtbase.dll
0x00007ffe0c0a0000 - 0x00007ffe0c0b8000 	C:\Program Files\Java\jdk-19\bin\jli.dll
0x00007ffe0b850000 - 0x00007ffe0b86b000 	C:\Program Files\Java\jdk-19\bin\VCRUNTIME140.dll
0x00007ffe110a0000 - 0x00007ffe1114e000 	C:\Windows\System32\ADVAPI32.dll
0x00007ffe119c0000 - 0x00007ffe11a63000 	C:\Windows\System32\msvcrt.dll
0x00007ffe11300000 - 0x00007ffe1139e000 	C:\Windows\System32\sechost.dll
0x00007ffe11890000 - 0x00007ffe119b0000 	C:\Windows\System32\RPCRT4.dll
0x00007ffe11150000 - 0x00007ffe112fd000 	C:\Windows\System32\USER32.dll
0x00007ffe0fb30000 - 0x00007ffe0fb56000 	C:\Windows\System32\win32u.dll
0x00007ffe0fdc0000 - 0x00007ffe0fde9000 	C:\Windows\System32\GDI32.dll
0x00007ffe0f690000 - 0x00007ffe0f7a8000 	C:\Windows\System32\gdi32full.dll
0x00007ffdf6550000 - 0x00007ffdf67f5000 	C:\Windows\WinSxS\amd64_microsoft.windows.common-controls_6595b64144ccf1df_6.0.22000.120_none_9d947278b86cc467\COMCTL32.dll
0x00007ffe0f410000 - 0x00007ffe0f4ad000 	C:\Windows\System32\msvcp_win.dll
0x00007ffe06d40000 - 0x00007ffe06d4a000 	C:\Windows\SYSTEM32\VERSION.dll
0x00007ffe0fb70000 - 0x00007ffe0fba2000 	C:\Windows\System32\IMM32.DLL
0x00007ffe0c090000 - 0x00007ffe0c09c000 	C:\Program Files\Java\jdk-19\bin\vcruntime140_1.dll
0x00007ffde2830000 - 0x00007ffde28be000 	C:\Program Files\Java\jdk-19\bin\msvcp140.dll
0x00007ffdb0060000 - 0x00007ffdb0d20000 	C:\Program Files\Java\jdk-19\bin\server\jvm.dll
0x00007ffe07490000 - 0x00007ffe074c3000 	C:\Windows\SYSTEM32\WINMM.dll
0x00007ffdf6930000 - 0x00007ffdf6939000 	C:\Windows\SYSTEM32\WSOCK32.dll
0x00007ffe11c30000 - 0x00007ffe11c9f000 	C:\Windows\System32\WS2_32.dll
0x00007ffe0e320000 - 0x00007ffe0e338000 	C:\Windows\SYSTEM32\kernel.appcore.dll
0x00007ffe0aaf0000 - 0x00007ffe0aafa000 	C:\Program Files\Java\jdk-19\bin\jimage.dll
0x00007ffe0c280000 - 0x00007ffe0c4a1000 	C:\Windows\SYSTEM32\DBGHELP.DLL
0x00007ffdf9070000 - 0x00007ffdf90a1000 	C:\Windows\SYSTEM32\dbgcore.DLL
0x00007ffe0f2d0000 - 0x00007ffe0f34f000 	C:\Windows\System32\bcryptPrimitives.dll
0x00007ffe0aa10000 - 0x00007ffe0aa1e000 	C:\Program Files\Java\jdk-19\bin\instrument.dll
0x00007ffe090a0000 - 0x00007ffe090c6000 	C:\Program Files\Java\jdk-19\bin\java.dll

dbghelp: loaded successfully - version: 4.0.5 - missing functions: none
symbol engine: initialized successfully - sym options: 0x614 - pdb path: .;C:\Program Files\Java\jdk-19\bin;C:\Windows\SYSTEM32;C:\Windows\WinSxS\amd64_microsoft.windows.common-controls_6595b64144ccf1df_6.0.22000.120_none_9d947278b86cc467;C:\Program Files\Java\jdk-19\bin\server

VM Arguments:
jvm_args: -javaagent:N:\intelij\IntelliJ IDEA Community Edition 2022.2.4\lib\idea_rt.jar=64742:N:\intelij\IntelliJ IDEA Community Edition 2022.2.4\bin -Dfile.encoding=UTF-8 -Dsun.stdout.encoding=UTF-8 -Dsun.stderr.encoding=UTF-8 --module-path=C:\Users\Nithesh\.m2\repository\org\openjfx\javafx-controls\19-ea+7\javafx-controls-19-ea+7-win.jar;C:\Users\Nithesh\.m2\repository\org\openjfx\javafx-graphics\19-ea+7\javafx-graphics-19-ea+7-win.jar;D:\java projects\demo5\target\classes;C:\Users\Nithesh\.m2\repository\org\openjfx\javafx-base\19-ea+7\javafx-base-19-ea+7-win.jar;C:\Users\Nithesh\.m2\repository\org\openjfx\javafx-fxml\19-ea+7\javafx-fxml-19-ea+7-win.jar -Djdk.module.main=com.example.demo5 
java_command: com.example.demo5/com.example.demo5.HelloApplication
java_class_path (initial): C:\Users\Nithesh\.m2\repository\org\openjfx\javafx-controls\19-ea+7\javafx-controls-19-ea+7.jar;C:\Users\Nithesh\.m2\repository\org\openjfx\javafx-graphics\19-ea+7\javafx-graphics-19-ea+7.jar;C:\Users\Nithesh\.m2\repository\org\openjfx\javafx-base\19-ea+7\javafx-base-19-ea+7.jar;C:\Users\Nithesh\.m2\repository\org\openjfx\javafx-fxml\19-ea+7\javafx-fxml-19-ea+7.jar;C:\mysql-connector-java-8.0.30.jar
Launcher Type: SUN_STANDARD

[Global flags]
     intx CICompilerCount                          = 4                                         {product} {ergonomic}
     uint ConcGCThreads                            = 2                                         {product} {ergonomic}
     uint G1ConcRefinementThreads                  = 8                                         {product} {ergonomic}
   size_t G1HeapRegionSize                         = 2097152                                   {product} {ergonomic}
    uintx GCDrainStackTargetSize                   = 64                                        {product} {ergonomic}
   size_t InitialHeapSize                          = 266338304                                 {product} {ergonomic}
   size_t MarkStackSize                            = 4194304                                   {product} {ergonomic}
   size_t MaxHeapSize                              = 4238344192                                {product} {ergonomic}
   size_t MinHeapDeltaBytes                        = 2097152                                   {product} {ergonomic}
   size_t MinHeapSize                              = 8388608                                   {product} {ergonomic}
    uintx NonNMethodCodeHeapSize                   = 5839372                                {pd product} {ergonomic}
    uintx NonProfiledCodeHeapSize                  = 122909434                              {pd product} {ergonomic}
    uintx ProfiledCodeHeapSize                     = 122909434                              {pd product} {ergonomic}
    uintx ReservedCodeCacheSize                    = 251658240                              {pd product} {ergonomic}
     bool SegmentedCodeCache                       = true                                      {product} {ergonomic}
   size_t SoftMaxHeapSize                          = 4238344192                             {manageable} {ergonomic}
     bool UseCompressedClassPointers               = true                           {product lp64_product} {ergonomic}
     bool UseCompressedOops                        = true                           {product lp64_product} {ergonomic}
     bool UseG1GC                                  = true                                      {product} {ergonomic}
     bool UseLargePagesIndividualAllocation        = false                                  {pd product} {ergonomic}

Logging:
Log output configuration:
 #0: stdout all=warning uptime,level,tags foldmultilines=false
 #1: stderr all=off uptime,level,tags foldmultilines=false

Environment Variables:
JAVA_HOME=C:\Program Files\Java\javafx-sdk-19
PATH=C:\Program Files (x86)\Common Files\Intel\Shared Libraries\redist\intel64_win\compiler;C:\Program Files (x86)\Common Files\Intel\Shared Libraries\redist\intel64\compiler;C:\Program Files\Common Files\Oracle\Java\javapath;C:\Windows\system32;C:\Windows;C:\Windows\System32\Wbem;C:\Windows\System32\WindowsPowerShell\v1.0\;C:\Windows\System32\OpenSSH\;C:\Program Files\mingw-w64\x86_64-8.1.0-posix-seh-rt_v6-rev0\mingw64\bin;C:\Program Files\nodejs\;C:\Program Files\Java\jdk-19\bin;C:\Program Files\Git\cmd;C:\Program Files\Git\bin;;C:\Program Files\Docker\Docker\resources\bin;C:\ProgramData\DockerDesktop\version-bin;C:\Program Files\MySQL\MySQL Server 8.0\bin;C:\Program Files\MySQL\MySQL Shell 8.0\bin\;C:\Users\Nithesh\AppData\Local\Programs\Python\Python310\Scripts\;C:\Users\Nithesh\AppData\Local\Programs\Python\Python310\;C:\Users\Nithesh\AppData\Local\Microsoft\WindowsApps;C:\Program Files (x86)\Java\jre1.8.0_311\bin;D:\PyCharm Community Edition 2021.2.3\bin;;C:\Program Files\mingw-w64\x86_64-8.1.0-posix-seh-rt_v6-rev0\mingw64\bin;C:\Users\Nithesh\AppData\Local\Programs\Microsoft VS Code\bin;C:\Users\Nithesh\AppData\Roaming\npm;N:\intelij\IntelliJ IDEA Community Edition 2022.2.4\bin;;C:\Users\Nithesh\AppData\Local\GitHubDesktop\bin;C:\Program Files\Java\javafx-sdk-19\bin;
USERNAME=Nithesh
OS=Windows_NT
PROCESSOR_IDENTIFIER=Intel64 Family 6 Model 140 Stepping 1, GenuineIntel
TMP=C:\Users\Nithesh\AppData\Local\Temp
TEMP=C:\Users\Nithesh\AppData\Local\Temp



---------------  S Y S T E M  ---------------

OS:
 Windows 11 , 64 bit Build 22000 (10.0.22000.1219)
OS uptime: 2 days 1:29 hours
Hyper-V role detected

CPU: total 8 (initial active 8) (4 cores per cpu, 2 threads per core) family 6 model 140 stepping 1 microcode 0xa4, cx8, cmov, fxsr, ht, mmx, 3dnowpref, sse, sse2, sse3, ssse3, sse4.1, sse4.2, popcnt, lzcnt, tsc, tscinvbit, avx, avx2, aes, erms, clmul, bmi1, bmi2, adx, avx512f, avx512dq, avx512cd, avx512bw, avx512vl, sha, fma, vzeroupper, avx512_vpopcntdq, avx512_vpclmulqdq, avx512_vaes, avx512_vnni, clflush, clflushopt, clwb, avx512_vbmi2, avx512_vbmi, hv, rdtscp, rdpid, fsrm, gfni, avx512_bitalg

Memory: 4k page, system-wide physical 16167M (3061M free)
TotalPageFile size 16167M (AvailPageFile size 156M)
current process WorkingSet (physical memory assigned to process): 11M, peak: 11M
current process commit charge ("private bytes"): 60M, peak: 314M

vm_info: Java HotSpot(TM) 64-Bit Server VM (19+36-2238) for windows-amd64 JRE (19+36-2238), built on 2022-08-12T20:29:01Z by "mach5one" with MS VC++ 17.1 (VS2022)

END.
